{"/Users/n/code/time/index.js":{"path":"/Users/n/code/time/index.js","s":{"1":1,"2":1,"3":1,"4":1,"5":1,"6":1,"7":1,"8":1,"9":1,"10":0,"11":0,"12":1,"13":0,"14":0,"15":0,"16":1,"17":1,"18":1,"19":1,"20":1},"b":{"1":[1,0],"2":[1,0]},"f":{"1":1,"2":0,"3":1},"fnMap":{"1":{"name":"(anonymous_1)","line":15,"loc":{"start":{"line":15,"column":11},"end":{"line":15,"column":32}}},"2":{"name":"(anonymous_2)","line":30,"loc":{"start":{"line":30,"column":11},"end":{"line":30,"column":32}}},"3":{"name":"(anonymous_3)","line":52,"loc":{"start":{"line":52,"column":13},"end":{"line":52,"column":24}}}},"statementMap":{"1":{"start":{"line":1,"column":0},"end":{"line":2,"column":26}},"2":{"start":{"line":4,"column":0},"end":{"line":4,"column":31}},"3":{"start":{"line":5,"column":0},"end":{"line":8,"column":3}},"4":{"start":{"line":10,"column":0},"end":{"line":10,"column":11}},"5":{"start":{"line":14,"column":0},"end":{"line":27,"column":2}},"6":{"start":{"line":16,"column":4},"end":{"line":16,"column":20}},"7":{"start":{"line":17,"column":4},"end":{"line":24,"column":5}},"8":{"start":{"line":18,"column":6},"end":{"line":22,"column":7}},"9":{"start":{"line":19,"column":8},"end":{"line":19,"column":50}},"10":{"start":{"line":21,"column":8},"end":{"line":21,"column":44}},"11":{"start":{"line":25,"column":4},"end":{"line":25,"column":18}},"12":{"start":{"line":29,"column":0},"end":{"line":41,"column":2}},"13":{"start":{"line":31,"column":4},"end":{"line":31,"column":74}},"14":{"start":{"line":32,"column":4},"end":{"line":32,"column":26}},"15":{"start":{"line":33,"column":4},"end":{"line":33,"column":20}},"16":{"start":{"line":43,"column":0},"end":{"line":48,"column":2}},"17":{"start":{"line":50,"column":0},"end":{"line":50,"column":21}},"18":{"start":{"line":52,"column":0},"end":{"line":54,"column":3}},"19":{"start":{"line":53,"column":4},"end":{"line":53,"column":61}},"20":{"start":{"line":56,"column":0},"end":{"line":56,"column":24}}},"branchMap":{"1":{"line":17,"type":"if","locations":[{"start":{"line":17,"column":4},"end":{"line":17,"column":4}},{"start":{"line":17,"column":4},"end":{"line":17,"column":4}}]},"2":{"line":18,"type":"if","locations":[{"start":{"line":18,"column":6},"end":{"line":18,"column":6}},{"start":{"line":18,"column":6},"end":{"line":18,"column":6}}]}}}}